This file contains any messages produced by compilers while
running configure, to aid debugging if configure makes a mistake.

It was created by acsccid configure 1.1.8, which was
generated by GNU Autoconf 2.69.  Invocation command line was

  $ ./configure 

## --------- ##
## Platform. ##
## --------- ##

hostname = ubuntu
uname -m = x86_64
uname -r = 5.8.0-59-generic
uname -s = Linux
uname -v = #66~20.04.1-Ubuntu SMP Thu Jun 17 11:14:10 UTC 2021

/usr/bin/uname -p = x86_64
/bin/uname -X     = unknown

/bin/arch              = x86_64
/usr/bin/arch -k       = unknown
/usr/convex/getsysinfo = unknown
/usr/bin/hostinfo      = unknown
/bin/machine           = unknown
/usr/bin/oslevel       = unknown
/bin/universe          = unknown

PATH: /usr/local/sbin
PATH: /usr/local/bin
PATH: /usr/sbin
PATH: /usr/bin
PATH: /sbin
PATH: /bin
PATH: /usr/games
PATH: /usr/local/games
PATH: /snap/bin
PATH: /usr/local/raspberrypi/tools/arm-bcm2708/gcc-linaro-arm-linux-gnueabihf-raspbian/bin
PATH: /usr/local/arm64/gcc-linaro-4.9-2016.02-x86_64_aarch64-linux-gnu/bin
PATH: /usr/local/java/jdk1.8.0_291/bin
PATH: /usr/local/gradle/gradle-7.0.2/bin


## ----------- ##
## Core tests. ##
## ----------- ##

configure:2390: checking for a BSD-compatible install
configure:2458: result: /usr/bin/install -c
configure:2469: checking whether build environment is sane
configure:2524: result: yes
configure:2673: checking for a thread-safe mkdir -p
configure:2712: result: /usr/bin/mkdir -p
configure:2719: checking for gawk
configure:2735: found /usr/bin/gawk
configure:2746: result: gawk
configure:2757: checking whether make sets $(MAKE)
configure:2779: result: yes
configure:2808: checking whether make supports nested variables
configure:2825: result: yes
configure:2965: checking whether make supports nested variables
configure:2982: result: yes
configure:3002: checking build system type
configure:3016: result: x86_64-pc-linux-gnu
configure:3036: checking host system type
configure:3049: result: x86_64-pc-linux-gnu
configure:3076: checking whether to enable maintainer-specific portions of Makefiles
configure:3085: result: no
configure:3148: checking for gcc
configure:3164: found /usr/bin/gcc
configure:3175: result: gcc
configure:3404: checking for C compiler version
configure:3413: gcc --version >&5
gcc (Ubuntu 9.3.0-17ubuntu1~20.04) 9.3.0
Copyright (C) 2019 Free Software Foundation, Inc.
This is free software; see the source for copying conditions.  There is NO
warranty; not even for MERCHANTABILITY or FITNESS FOR A PARTICULAR PURPOSE.

configure:3424: $? = 0
configure:3413: gcc -v >&5
Using built-in specs.
COLLECT_GCC=gcc
COLLECT_LTO_WRAPPER=/usr/lib/gcc/x86_64-linux-gnu/9/lto-wrapper
OFFLOAD_TARGET_NAMES=nvptx-none:hsa
OFFLOAD_TARGET_DEFAULT=1
Target: x86_64-linux-gnu
Configured with: ../src/configure -v --with-pkgversion='Ubuntu 9.3.0-17ubuntu1~20.04' --with-bugurl=file:///usr/share/doc/gcc-9/README.Bugs --enable-languages=c,ada,c++,go,brig,d,fortran,objc,obj-c++,gm2 --prefix=/usr --with-gcc-major-version-only --program-suffix=-9 --program-prefix=x86_64-linux-gnu- --enable-shared --enable-linker-build-id --libexecdir=/usr/lib --without-included-gettext --enable-threads=posix --libdir=/usr/lib --enable-nls --enable-clocale=gnu --enable-libstdcxx-debug --enable-libstdcxx-time=yes --with-default-libstdcxx-abi=new --enable-gnu-unique-object --disable-vtable-verify --enable-plugin --enable-default-pie --with-system-zlib --with-target-system-zlib=auto --enable-objc-gc=auto --enable-multiarch --disable-werror --with-arch-32=i686 --with-abi=m64 --with-multilib-list=m32,m64,mx32 --enable-multilib --with-tune=generic --enable-offload-targets=nvptx-none=/build/gcc-9-HskZEa/gcc-9-9.3.0/debian/tmp-nvptx/usr,hsa --without-cuda-driver --enable-checking=release --build=x86_64-linux-gnu --host=x86_64-linux-gnu --target=x86_64-linux-gnu
Thread model: posix
gcc version 9.3.0 (Ubuntu 9.3.0-17ubuntu1~20.04) 
configure:3424: $? = 0
configure:3413: gcc -V >&5
gcc: error: unrecognized command line option '-V'
gcc: fatal error: no input files
compilation terminated.
configure:3424: $? = 1
configure:3413: gcc -qversion >&5
gcc: error: unrecognized command line option '-qversion'; did you mean '--version'?
gcc: fatal error: no input files
compilation terminated.
configure:3424: $? = 1
configure:3444: checking whether the C compiler works
configure:3466: gcc    conftest.c  >&5
configure:3470: $? = 0
configure:3518: result: yes
configure:3521: checking for C compiler default output file name
configure:3523: result: a.out
configure:3529: checking for suffix of executables
configure:3536: gcc -o conftest    conftest.c  >&5
configure:3540: $? = 0
configure:3562: result: 
configure:3584: checking whether we are cross compiling
configure:3592: gcc -o conftest    conftest.c  >&5
configure:3596: $? = 0
configure:3603: ./conftest
configure:3607: $? = 0
configure:3595: result: no
configure:3600: checking for suffix of object files
configure:3622: gcc -c   conftest.c >&5
configure:3626: $? = 0
configure:3647: result: o
configure:3651: checking whether we are using the GNU C compiler
configure:3670: gcc -c   conftest.c >&5
configure:3670: $? = 0
configure:3679: result: yes
configure:3688: checking whether gcc accepts -g
configure:3708: gcc -c -g  conftest.c >&5
configure:3708: $? = 0
configure:3749: result: yes
configure:3766: checking for gcc option to accept ISO C89
configure:3829: gcc  -c -g -O2  conftest.c >&5
configure:3829: $? = 0
configure:3842: result: none needed
configure:3867: checking whether gcc understands -c and -o together
configure:3889: gcc -c conftest.c -o conftest2.o
configure:3892: $? = 0
configure:3889: gcc -c conftest.c -o conftest2.o
configure:3892: $? = 0
configure:3904: result: yes
configure:3924: checking whether make supports the include directive
configure:3939: make -f confmf.GNU && cat confinc.out
this is the am__doit target
configure:3942: $? = 0
configure:3961: result: yes (GNU style)
configure:3986: checking dependency style of gcc
configure:4097: result: gcc3
configure:4118: checking how to run the C preprocessor
configure:4149: gcc -E  conftest.c
configure:4149: $? = 0
configure:4163: gcc -E  conftest.c
conftest.c:11:10: fatal error: ac_nonexistent.h: No such file or directory
   11 | #include <ac_nonexistent.h>
      |          ^~~~~~~~~~~~~~~~~~
compilation terminated.
configure:4163: $? = 1
configure: failed program was:
| /* confdefs.h */
| #define PACKAGE_NAME "acsccid"
| #define PACKAGE_TARNAME "acsccid"
| #define PACKAGE_VERSION "1.1.8"
| #define PACKAGE_STRING "acsccid 1.1.8"
| #define PACKAGE_BUGREPORT ""
| #define PACKAGE_URL ""
| #define PACKAGE "acsccid"
| #define VERSION "1.1.8"
| /* end confdefs.h.  */
| #include <ac_nonexistent.h>
configure:4188: result: gcc -E
configure:4208: gcc -E  conftest.c
configure:4208: $? = 0
configure:4222: gcc -E  conftest.c
conftest.c:11:10: fatal error: ac_nonexistent.h: No such file or directory
   11 | #include <ac_nonexistent.h>
      |          ^~~~~~~~~~~~~~~~~~
compilation terminated.
configure:4222: $? = 1
configure: failed program was:
| /* confdefs.h */
| #define PACKAGE_NAME "acsccid"
| #define PACKAGE_TARNAME "acsccid"
| #define PACKAGE_VERSION "1.1.8"
| #define PACKAGE_STRING "acsccid 1.1.8"
| #define PACKAGE_BUGREPORT ""
| #define PACKAGE_URL ""
| #define PACKAGE "acsccid"
| #define VERSION "1.1.8"
| /* end confdefs.h.  */
| #include <ac_nonexistent.h>
configure:4251: checking whether make sets $(MAKE)
configure:4273: result: yes
configure:4282: checking whether ln -s works
configure:4286: result: yes
configure:4298: checking for flex
configure:4328: result: no
configure:4298: checking for lex
configure:4328: result: no
configure:4505: checking for ar
configure:4521: found /usr/bin/ar
configure:4532: result: ar
configure:4558: checking the archiver (ar) interface
configure:4574: gcc -c -g -O2  conftest.c >&5
configure:4574: $? = 0
configure:4576: ar cru libconftest.a conftest.o >&5
ar: `u' modifier ignored since `D' is the default (see `U')
configure:4579: $? = 0
configure:4578: result: ar
configure:4652: checking for pkg-config
configure:4670: found /usr/bin/pkg-config
configure:4682: result: /usr/bin/pkg-config
configure:4707: checking pkg-config is at least version 0.9.0
configure:4710: result: yes
configure:4722: $PKG_CONFIG --exists --print-errors "libpcsclite"
configure:4725: $? = 0
configure:4729: checking for PCSC
configure:4736: $PKG_CONFIG --exists --print-errors "libpcsclite >= $PCSC_NEEDED_VERSION"
configure:4739: $? = 0
configure:4753: $PKG_CONFIG --exists --print-errors "libpcsclite >= $PCSC_NEEDED_VERSION"
configure:4756: $? = 0
configure:4808: result: yes
configure:4822: checking for grep that handles long lines and -e
configure:4880: result: /usr/bin/grep
configure:4885: checking for egrep
configure:4947: result: /usr/bin/grep -E
configure:4952: checking for ANSI C header files
configure:4972: gcc -c -g -O2  -pthread -I/usr/local/include/PCSC conftest.c >&5
configure:4972: $? = 0
configure:5045: gcc -o conftest -g -O2  -pthread -I/usr/local/include/PCSC  conftest.c  >&5
configure:5045: $? = 0
configure:5045: ./conftest
configure:5045: $? = 0
configure:5056: result: yes
configure:5069: checking for sys/types.h
configure:5069: gcc -c -g -O2  -pthread -I/usr/local/include/PCSC conftest.c >&5
configure:5069: $? = 0
configure:5069: result: yes
configure:5069: checking for sys/stat.h
configure:5069: gcc -c -g -O2  -pthread -I/usr/local/include/PCSC conftest.c >&5
configure:5069: $? = 0
configure:5069: result: yes
configure:5069: checking for stdlib.h
configure:5069: gcc -c -g -O2  -pthread -I/usr/local/include/PCSC conftest.c >&5
configure:5069: $? = 0
configure:5069: result: yes
configure:5069: checking for string.h
configure:5069: gcc -c -g -O2  -pthread -I/usr/local/include/PCSC conftest.c >&5
configure:5069: $? = 0
configure:5069: result: yes
configure:5069: checking for memory.h
configure:5069: gcc -c -g -O2  -pthread -I/usr/local/include/PCSC conftest.c >&5
configure:5069: $? = 0
configure:5069: result: yes
configure:5069: checking for strings.h
configure:5069: gcc -c -g -O2  -pthread -I/usr/local/include/PCSC conftest.c >&5
configure:5069: $? = 0
configure:5069: result: yes
configure:5069: checking for inttypes.h
configure:5069: gcc -c -g -O2  -pthread -I/usr/local/include/PCSC conftest.c >&5
configure:5069: $? = 0
configure:5069: result: yes
configure:5069: checking for stdint.h
configure:5069: gcc -c -g -O2  -pthread -I/usr/local/include/PCSC conftest.c >&5
configure:5069: $? = 0
configure:5069: result: yes
configure:5069: checking for unistd.h
configure:5069: gcc -c -g -O2  -pthread -I/usr/local/include/PCSC conftest.c >&5
configure:5069: $? = 0
configure:5069: result: yes
configure:5081: checking ifdhandler.h usability
configure:5081: gcc -c -g -O2  -pthread -I/usr/local/include/PCSC conftest.c >&5
configure:5081: $? = 0
configure:5081: result: yes
configure:5081: checking ifdhandler.h presence
configure:5081: gcc -E  -pthread -I/usr/local/include/PCSC conftest.c
configure:5081: $? = 0
configure:5081: result: yes
configure:5081: checking for ifdhandler.h
configure:5081: result: yes
configure:5089: checking reader.h usability
configure:5089: gcc -c -g -O2  -pthread -I/usr/local/include/PCSC conftest.c >&5
configure:5089: $? = 0
configure:5089: result: yes
configure:5089: checking reader.h presence
configure:5089: gcc -E  -pthread -I/usr/local/include/PCSC conftest.c
configure:5089: $? = 0
configure:5089: result: yes
configure:5089: checking for reader.h
configure:5089: result: yes
configure:5147: checking how to print strings
configure:5174: result: printf
configure:5195: checking for a sed that does not truncate output
configure:5259: result: /usr/bin/sed
configure:5277: checking for fgrep
configure:5339: result: /usr/bin/grep -F
configure:5374: checking for ld used by gcc
configure:5441: result: /usr/bin/ld
configure:5448: checking if the linker (/usr/bin/ld) is GNU ld
configure:5463: result: yes
configure:5475: checking for BSD- or MS-compatible name lister (nm)
configure:5529: result: /usr/bin/nm -B
configure:5659: checking the name lister (/usr/bin/nm -B) interface
configure:5666: gcc -c -g -O2  conftest.c >&5
configure:5669: /usr/bin/nm -B "conftest.o"
configure:5672: output
0000000000000000 B some_variable
configure:5673: result: BSD nm
configure:5677: checking the maximum length of command line arguments
configure:5808: result: 1572864
configure:5856: checking how to convert x86_64-pc-linux-gnu file names to x86_64-pc-linux-gnu format
configure:5896: result: func_convert_file_noop
configure:5903: checking how to convert x86_64-pc-linux-gnu file names to toolchain format
configure:5923: result: func_convert_file_noop
configure:5930: checking for /usr/bin/ld option to reload object files
configure:5937: result: -r
configure:6011: checking for objdump
configure:6027: found /usr/bin/objdump
configure:6038: result: objdump
configure:6070: checking how to recognize dependent libraries
configure:6270: result: pass_all
configure:6355: checking for dlltool
configure:6385: result: no
configure:6415: checking how to associate runtime and link libraries
configure:6442: result: printf %s\n
configure:6566: checking for archiver @FILE support
configure:6583: gcc -c -g -O2  conftest.c >&5
configure:6583: $? = 0
configure:6586: ar cru libconftest.a @conftest.lst >&5
ar: `u' modifier ignored since `D' is the default (see `U')
configure:6589: $? = 0
configure:6594: ar cru libconftest.a @conftest.lst >&5
ar: `u' modifier ignored since `D' is the default (see `U')
ar: conftest.o: No such file or directory
configure:6597: $? = 1
configure:6596: result: @
configure:6654: checking for strip
configure:6670: found /usr/bin/strip
configure:6681: result: strip
configure:6753: checking for ranlib
configure:6769: found /usr/bin/ranlib
configure:6780: result: ranlib
configure:6882: checking command to parse /usr/bin/nm -B output from gcc object
configure:7035: gcc -c -g -O2  conftest.c >&5
configure:7038: $? = 0
configure:7042: /usr/bin/nm -B conftest.o | sed -n -e 's/^.*[	 ]\([ABCDGIRSTW][ABCDGIRSTW]*\)[	 ][	 ]*\([_A-Za-z][_A-Za-z0-9]*\)$/\1 \2 \2/p' | sed '/ __gnu_lto/d' > conftest.nm
configure:7108: gcc -o conftest -g -O2   conftest.c conftstm.o >&5
configure:7111: $? = 0
configure:7149: result: ok
configure:7196: checking for sysroot
configure:7226: result: no
configure:7233: checking for a working dd
configure:7271: result: /usr/bin/dd
configure:7275: checking how to truncate binary pipes
configure:7290: result: /usr/bin/dd bs=4096 count=1
configure:7426: gcc -c -g -O2  conftest.c >&5
configure:7429: $? = 0
configure:7619: checking for mt
configure:7635: found /usr/bin/mt
configure:7646: result: mt
configure:7669: checking if mt is a manifest tool
configure:7675: mt '-?'
configure:7683: result: no
configure:8357: checking for dlfcn.h
configure:8357: gcc -c -g -O2  conftest.c >&5
configure:8357: $? = 0
configure:8357: result: yes
configure:8612: checking for objdir
configure:8627: result: .libs
configure:8891: checking if gcc supports -fno-rtti -fno-exceptions
configure:8909: gcc -c -g -O2  -fno-rtti -fno-exceptions conftest.c >&5
cc1: warning: command line option '-fno-rtti' is valid for C++/D/ObjC++ but not for C
configure:8913: $? = 0
configure:8926: result: no
configure:9290: checking for gcc option to produce PIC
configure:9297: result: -fPIC -DPIC
configure:9305: checking if gcc PIC flag -fPIC -DPIC works
configure:9323: gcc -c -g -O2  -fPIC -DPIC -DPIC conftest.c >&5
configure:9327: $? = 0
configure:9340: result: yes
configure:9369: checking if gcc static flag -static works
configure:9397: result: yes
configure:9412: checking if gcc supports -c -o file.o
configure:9433: gcc -c -g -O2  -o out/conftest2.o conftest.c >&5
configure:9437: $? = 0
configure:9459: result: yes
configure:9467: checking if gcc supports -c -o file.o
configure:9514: result: yes
configure:9547: checking whether the gcc linker (/usr/bin/ld -m elf_x86_64) supports shared libraries
configure:10810: result: yes
configure:10847: checking whether -lc should be explicitly linked in
configure:10855: gcc -c -g -O2  conftest.c >&5
configure:10858: $? = 0
configure:10873: gcc -shared  -fPIC -DPIC conftest.o  -v -Wl,-soname -Wl,conftest -o conftest 2\>\&1 \| /usr/bin/grep  -lc  \>/dev/null 2\>\&1
configure:10876: $? = 0
configure:10890: result: no
configure:11050: checking dynamic linker characteristics
configure:11631: gcc -o conftest -g -O2   -Wl,-rpath -Wl,/foo conftest.c  >&5
configure:11631: $? = 0
configure:11880: result: GNU/Linux ld.so
configure:12002: checking how to hardcode library paths into programs
configure:12027: result: immediate
configure:12575: checking whether stripping libraries is possible
configure:12580: result: yes
configure:12615: checking if libtool supports shared libraries
configure:12617: result: yes
configure:12620: checking whether to build shared libraries
configure:12645: result: yes
configure:12648: checking whether to build static libraries
configure:12652: result: no
configure:9512: checking for ld used by gcc
configure:9579: result: /usr/bin/ld -m elf_x86_64
configure:9586: checking if the linker (/usr/bin/ld -m elf_x86_64) is GNU ld
configure:9601: result: yes
configure:9608: checking for shared library run path origin
configure:9621: result: done
configure:10199: checking for iconv
configure:10223: gcc -o conftest -g -O2   conftest.c  >&5
/usr/bin/ld: /tmp/ccnN9zgI.o: in function `main':
/home/lining/work/x86_64_libs/ACS-Unified-Driver-Lnx-Mac-118-P/acsccid-1.1.8/conftest.c:30: undefined reference to `libiconv_open'
/usr/bin/ld: /home/lining/work/x86_64_libs/ACS-Unified-Driver-Lnx-Mac-118-P/acsccid-1.1.8/conftest.c:31: undefined reference to `libiconv'
/usr/bin/ld: /home/lining/work/x86_64_libs/ACS-Unified-Driver-Lnx-Mac-118-P/acsccid-1.1.8/conftest.c:32: undefined reference to `libiconv_close'
collect2: error: ld returned 1 exit status
configure:10223: $? = 1
configure: failed program was:
| /* confdefs.h */
| #define PACKAGE_NAME "acsccid"
| #define PACKAGE_TARNAME "acsccid"
| #define PACKAGE_VERSION "1.1.8"
| #define PACKAGE_STRING "acsccid 1.1.8"
| #define PACKAGE_BUGREPORT ""
| #define PACKAGE_URL ""
| #define PACKAGE "acsccid"
| #define VERSION "1.1.8"
| #define STDC_HEADERS 1
| #define HAVE_SYS_TYPES_H 1
| #define HAVE_SYS_STAT_H 1
| #define HAVE_STDLIB_H 1
| #define HAVE_STRING_H 1
| #define HAVE_MEMORY_H 1
| #define HAVE_STRINGS_H 1
| #define HAVE_INTTYPES_H 1
| #define HAVE_STDINT_H 1
| #define HAVE_UNISTD_H 1
| #define HAVE_DLFCN_H 1
| #define LT_OBJDIR ".libs/"
| /* end confdefs.h.  */
| 
| #include <stdlib.h>
| #include <iconv.h>
| 
| int
| main ()
| {
| iconv_t cd = iconv_open("","");
|            iconv(cd,NULL,NULL,NULL,NULL);
|            iconv_close(cd);
|   ;
|   return 0;
| }
configure:10247: gcc -o conftest -g -O2   conftest.c  /usr/local/lib/libiconv.so -Wl,-rpath -Wl,/usr/local/lib >&5
configure:10247: $? = 0
configure:10257: result: yes
configure:10260: checking for working iconv
configure:10389: gcc -o conftest -g -O2   conftest.c  /usr/local/lib/libiconv.so -Wl,-rpath -Wl,/usr/local/lib >&5
configure:10389: $? = 0
configure:10389: ./conftest
configure:10389: $? = 0
configure:10401: result: yes
configure:10416: checking how to link with libiconv
configure:10418: result: /usr/local/lib/libiconv.so -Wl,-rpath -Wl,/usr/local/lib
configure:10429: checking for iconv declaration
configure:10458: gcc -c -g -O2  conftest.c >&5
configure:10458: $? = 0
configure:10469: result:
         extern size_t iconv (iconv_t cd, char * *inbuf, size_t *inbytesleft, char * *outbuf, size_t *outbytesleft);
configure:10482: checking for ANSI C header files
configure:10586: result: yes
configure:10597: checking errno.h usability
configure:10597: gcc -c -g -O2  conftest.c >&5
configure:10597: $? = 0
configure:10597: result: yes
configure:10597: checking errno.h presence
configure:10597: gcc -E  conftest.c
configure:10597: $? = 0
configure:10597: result: yes
configure:10597: checking for errno.h
configure:10597: result: yes
configure:10597: checking fcntl.h usability
configure:10597: gcc -c -g -O2  conftest.c >&5
configure:10597: $? = 0
configure:10597: result: yes
configure:10597: checking fcntl.h presence
configure:10597: gcc -E  conftest.c
configure:10597: $? = 0
configure:10597: result: yes
configure:10597: checking for fcntl.h
configure:10597: result: yes
configure:10597: checking for stdlib.h
configure:10597: result: yes
configure:10597: checking for unistd.h
configure:10597: result: yes
configure:10597: checking termios.h usability
configure:10597: gcc -c -g -O2  conftest.c >&5
configure:10597: $? = 0
configure:10597: result: yes
configure:10597: checking termios.h presence
configure:10597: gcc -E  conftest.c
configure:10597: $? = 0
configure:10597: result: yes
configure:10597: checking for termios.h
configure:10597: result: yes
configure:10597: checking for string.h
configure:10597: result: yes
configure:10597: checking sys/time.h usability
configure:10597: gcc -c -g -O2  conftest.c >&5
configure:10597: $? = 0
configure:10597: result: yes
configure:10597: checking sys/time.h presence
configure:10597: gcc -E  conftest.c
configure:10597: $? = 0
configure:10597: result: yes
configure:10597: checking for sys/time.h
configure:10597: result: yes
configure:10597: checking for sys/types.h
configure:10597: result: yes
configure:10597: checking stdarg.h usability
configure:10597: gcc -c -g -O2  conftest.c >&5
configure:10597: $? = 0
configure:10597: result: yes
configure:10597: checking stdarg.h presence
configure:10597: gcc -E  conftest.c
configure:10597: $? = 0
configure:10597: result: yes
configure:10597: checking for stdarg.h
configure:10597: result: yes
configure:10597: checking arpa/inet.h usability
configure:10597: gcc -c -g -O2  conftest.c >&5
configure:10597: $? = 0
configure:10597: result: yes
configure:10597: checking arpa/inet.h presence
configure:10597: gcc -E  conftest.c
configure:10597: $? = 0
configure:10597: result: yes
configure:10597: checking for arpa/inet.h
configure:10597: result: yes
configure:10597: checking stdio.h usability
configure:10597: gcc -c -g -O2  conftest.c >&5
configure:10597: $? = 0
configure:10597: result: yes
configure:10597: checking stdio.h presence
configure:10597: gcc -E  conftest.c
configure:10597: $? = 0
configure:10597: result: yes
configure:10597: checking for stdio.h
configure:10597: result: yes
configure:10611: checking for an ANSI C-conforming const
configure:10677: gcc -c -g -O2  conftest.c >&5
configure:10677: $? = 0
configure:10684: result: yes
configure:10692: checking for size_t
configure:10692: gcc -c -g -O2  conftest.c >&5
configure:10692: $? = 0
configure:10692: gcc -c -g -O2  conftest.c >&5
conftest.c: In function 'main':
conftest.c:73:21: error: expected expression before ')' token
   73 | if (sizeof ((size_t)))
      |                     ^
configure:10692: $? = 1
configure: failed program was:
| /* confdefs.h */
| #define PACKAGE_NAME "acsccid"
| #define PACKAGE_TARNAME "acsccid"
| #define PACKAGE_VERSION "1.1.8"
| #define PACKAGE_STRING "acsccid 1.1.8"
| #define PACKAGE_BUGREPORT ""
| #define PACKAGE_URL ""
| #define PACKAGE "acsccid"
| #define VERSION "1.1.8"
| #define STDC_HEADERS 1
| #define HAVE_SYS_TYPES_H 1
| #define HAVE_SYS_STAT_H 1
| #define HAVE_STDLIB_H 1
| #define HAVE_STRING_H 1
| #define HAVE_MEMORY_H 1
| #define HAVE_STRINGS_H 1
| #define HAVE_INTTYPES_H 1
| #define HAVE_STDINT_H 1
| #define HAVE_UNISTD_H 1
| #define HAVE_DLFCN_H 1
| #define LT_OBJDIR ".libs/"
| #define HAVE_ICONV 1
| #define ICONV_CONST 
| #define STDC_HEADERS 1
| #define HAVE_ERRNO_H 1
| #define HAVE_FCNTL_H 1
| #define HAVE_STDLIB_H 1
| #define HAVE_UNISTD_H 1
| #define HAVE_TERMIOS_H 1
| #define HAVE_STRING_H 1
| #define HAVE_SYS_TIME_H 1
| #define HAVE_SYS_TYPES_H 1
| #define HAVE_STDARG_H 1
| #define HAVE_ARPA_INET_H 1
| #define HAVE_STDIO_H 1
| /* end confdefs.h.  */
| #include <stdio.h>
| #ifdef HAVE_SYS_TYPES_H
| # include <sys/types.h>
| #endif
| #ifdef HAVE_SYS_STAT_H
| # include <sys/stat.h>
| #endif
| #ifdef STDC_HEADERS
| # include <stdlib.h>
| # include <stddef.h>
| #else
| # ifdef HAVE_STDLIB_H
| #  include <stdlib.h>
| # endif
| #endif
| #ifdef HAVE_STRING_H
| # if !defined STDC_HEADERS && defined HAVE_MEMORY_H
| #  include <memory.h>
| # endif
| # include <string.h>
| #endif
| #ifdef HAVE_STRINGS_H
| # include <strings.h>
| #endif
| #ifdef HAVE_INTTYPES_H
| # include <inttypes.h>
| #endif
| #ifdef HAVE_STDINT_H
| # include <stdint.h>
| #endif
| #ifdef HAVE_UNISTD_H
| # include <unistd.h>
| #endif
| int
| main ()
| {
| if (sizeof ((size_t)))
| 	    return 0;
|   ;
|   return 0;
| }
configure:10692: result: yes
configure:10703: checking whether time.h and sys/time.h may both be included
configure:10723: gcc -c -g -O2  conftest.c >&5
configure:10723: $? = 0
configure:10730: result: yes
configure:10743: checking for select
configure:10743: gcc -o conftest -g -O2   conftest.c  >&5
configure:10743: $? = 0
configure:10743: result: yes
configure:10743: checking for strerror
configure:10743: gcc -o conftest -g -O2   conftest.c  >&5
configure:10743: $? = 0
configure:10743: result: yes
configure:10743: checking for strncpy
configure:10743: gcc -o conftest -g -O2   conftest.c  >&5
conftest.c:63:6: warning: conflicting types for built-in function 'strncpy'; expected 'char *(char *, const char *, long unsigned int)' [-Wbuiltin-declaration-mismatch]
   63 | char strncpy ();
      |      ^~~~~~~
conftest.c:51:1: note: 'strncpy' is declared in header '<string.h>'
   50 | # include <limits.h>
   51 | #else
configure:10743: $? = 0
configure:10743: result: yes
configure:10743: checking for memcpy
configure:10743: gcc -o conftest -g -O2   conftest.c  >&5
conftest.c:64:6: warning: conflicting types for built-in function 'memcpy'; expected 'void *(void *, const void *, long unsigned int)' [-Wbuiltin-declaration-mismatch]
   64 | char memcpy ();
      |      ^~~~~~
conftest.c:52:1: note: 'memcpy' is declared in header '<string.h>'
   51 | # include <limits.h>
   52 | #else
configure:10743: $? = 0
configure:10743: result: yes
configure:10743: checking for strlcpy
configure:10743: gcc -o conftest -g -O2   conftest.c  >&5
/usr/bin/ld: /tmp/ccV1xjHV.o: in function `main':
/home/lining/work/x86_64_libs/ACS-Unified-Driver-Lnx-Mac-118-P/acsccid-1.1.8/conftest.c:76: undefined reference to `strlcpy'
collect2: error: ld returned 1 exit status
configure:10743: $? = 1
configure: failed program was:
| /* confdefs.h */
| #define PACKAGE_NAME "acsccid"
| #define PACKAGE_TARNAME "acsccid"
| #define PACKAGE_VERSION "1.1.8"
| #define PACKAGE_STRING "acsccid 1.1.8"
| #define PACKAGE_BUGREPORT ""
| #define PACKAGE_URL ""
| #define PACKAGE "acsccid"
| #define VERSION "1.1.8"
| #define STDC_HEADERS 1
| #define HAVE_SYS_TYPES_H 1
| #define HAVE_SYS_STAT_H 1
| #define HAVE_STDLIB_H 1
| #define HAVE_STRING_H 1
| #define HAVE_MEMORY_H 1
| #define HAVE_STRINGS_H 1
| #define HAVE_INTTYPES_H 1
| #define HAVE_STDINT_H 1
| #define HAVE_UNISTD_H 1
| #define HAVE_DLFCN_H 1
| #define LT_OBJDIR ".libs/"
| #define HAVE_ICONV 1
| #define ICONV_CONST 
| #define STDC_HEADERS 1
| #define HAVE_ERRNO_H 1
| #define HAVE_FCNTL_H 1
| #define HAVE_STDLIB_H 1
| #define HAVE_UNISTD_H 1
| #define HAVE_TERMIOS_H 1
| #define HAVE_STRING_H 1
| #define HAVE_SYS_TIME_H 1
| #define HAVE_SYS_TYPES_H 1
| #define HAVE_STDARG_H 1
| #define HAVE_ARPA_INET_H 1
| #define HAVE_STDIO_H 1
| #define TIME_WITH_SYS_TIME 1
| #define HAVE_SELECT 1
| #define HAVE_STRERROR 1
| #define HAVE_STRNCPY 1
| #define HAVE_MEMCPY 1
| /* end confdefs.h.  */
| /* Define strlcpy to an innocuous variant, in case <limits.h> declares strlcpy.
|    For example, HP-UX 11i <limits.h> declares gettimeofday.  */
| #define strlcpy innocuous_strlcpy
| 
| /* System header to define __stub macros and hopefully few prototypes,
|     which can conflict with char strlcpy (); below.
|     Prefer <limits.h> to <assert.h> if __STDC__ is defined, since
|     <limits.h> exists even on freestanding compilers.  */
| 
| #ifdef __STDC__
| # include <limits.h>
| #else
| # include <assert.h>
| #endif
| 
| #undef strlcpy
| 
| /* Override any GCC internal prototype to avoid an error.
|    Use char because int might match the return type of a GCC
|    builtin and then its argument prototype would still apply.  */
| #ifdef __cplusplus
| extern "C"
| #endif
| char strlcpy ();
| /* The GNU C library defines this for functions which it implements
|     to always fail with ENOSYS.  Some functions are actually named
|     something starting with __ and the normal name is an alias.  */
| #if defined __stub_strlcpy || defined __stub___strlcpy
| choke me
| #endif
| 
| int
| main ()
| {
| return strlcpy ();
|   ;
|   return 0;
| }
configure:10743: result: no
configure:10743: checking for strlcat
configure:10743: gcc -o conftest -g -O2   conftest.c  >&5
/usr/bin/ld: /tmp/ccDK09Hi.o: in function `main':
/home/lining/work/x86_64_libs/ACS-Unified-Driver-Lnx-Mac-118-P/acsccid-1.1.8/conftest.c:76: undefined reference to `strlcat'
collect2: error: ld returned 1 exit status
configure:10743: $? = 1
configure: failed program was:
| /* confdefs.h */
| #define PACKAGE_NAME "acsccid"
| #define PACKAGE_TARNAME "acsccid"
| #define PACKAGE_VERSION "1.1.8"
| #define PACKAGE_STRING "acsccid 1.1.8"
| #define PACKAGE_BUGREPORT ""
| #define PACKAGE_URL ""
| #define PACKAGE "acsccid"
| #define VERSION "1.1.8"
| #define STDC_HEADERS 1
| #define HAVE_SYS_TYPES_H 1
| #define HAVE_SYS_STAT_H 1
| #define HAVE_STDLIB_H 1
| #define HAVE_STRING_H 1
| #define HAVE_MEMORY_H 1
| #define HAVE_STRINGS_H 1
| #define HAVE_INTTYPES_H 1
| #define HAVE_STDINT_H 1
| #define HAVE_UNISTD_H 1
| #define HAVE_DLFCN_H 1
| #define LT_OBJDIR ".libs/"
| #define HAVE_ICONV 1
| #define ICONV_CONST 
| #define STDC_HEADERS 1
| #define HAVE_ERRNO_H 1
| #define HAVE_FCNTL_H 1
| #define HAVE_STDLIB_H 1
| #define HAVE_UNISTD_H 1
| #define HAVE_TERMIOS_H 1
| #define HAVE_STRING_H 1
| #define HAVE_SYS_TIME_H 1
| #define HAVE_SYS_TYPES_H 1
| #define HAVE_STDARG_H 1
| #define HAVE_ARPA_INET_H 1
| #define HAVE_STDIO_H 1
| #define TIME_WITH_SYS_TIME 1
| #define HAVE_SELECT 1
| #define HAVE_STRERROR 1
| #define HAVE_STRNCPY 1
| #define HAVE_MEMCPY 1
| /* end confdefs.h.  */
| /* Define strlcat to an innocuous variant, in case <limits.h> declares strlcat.
|    For example, HP-UX 11i <limits.h> declares gettimeofday.  */
| #define strlcat innocuous_strlcat
| 
| /* System header to define __stub macros and hopefully few prototypes,
|     which can conflict with char strlcat (); below.
|     Prefer <limits.h> to <assert.h> if __STDC__ is defined, since
|     <limits.h> exists even on freestanding compilers.  */
| 
| #ifdef __STDC__
| # include <limits.h>
| #else
| # include <assert.h>
| #endif
| 
| #undef strlcat
| 
| /* Override any GCC internal prototype to avoid an error.
|    Use char because int might match the return type of a GCC
|    builtin and then its argument prototype would still apply.  */
| #ifdef __cplusplus
| extern "C"
| #endif
| char strlcat ();
| /* The GNU C library defines this for functions which it implements
|     to always fail with ENOSYS.  Some functions are actually named
|     something starting with __ and the normal name is an alias.  */
| #if defined __stub_strlcat || defined __stub___strlcat
| choke me
| #endif
| 
| int
| main ()
| {
| return strlcat ();
|   ;
|   return 0;
| }
configure:10743: result: no
configure:10781: $PKG_CONFIG --exists --print-errors "libusb-1.0"
configure:10784: $? = 0
configure:10789: checking for LIBUSB
configure:10796: $PKG_CONFIG --exists --print-errors "libusb-1.0 >= $LIBUSB_NEEDED_VERSION"
configure:10799: $? = 0
configure:10813: $PKG_CONFIG --exists --print-errors "libusb-1.0 >= $LIBUSB_NEEDED_VERSION"
configure:10816: $? = 0
configure:11042: result: yes
configure:11057: checking libusb.h usability
configure:11057: gcc -c -g -O2  -I/usr/include/libusb-1.0 conftest.c >&5
configure:11057: $? = 0
configure:11057: result: yes
configure:11057: checking libusb.h presence
configure:11057: gcc -E  -I/usr/include/libusb-1.0 conftest.c
configure:11057: $? = 0
configure:11057: result: yes
configure:11057: checking for libusb.h
configure:11057: result: yes
configure:11070: checking for libusb_init
configure:11090: gcc -o conftest -g -O2  -I/usr/include/libusb-1.0  conftest.c  -lusb-1.0 >&5
configure:11090: $? = 0
configure:11091: result: yes
configure:11132: checking for -fvisibility=hidden
configure:11138: gcc -c -g -O2 -fvisibility=hidden  conftest.c >&5
configure:11138: $? = 0
configure:11139: result: yes
configure:11328: checking for the pthreads library -lpthreads
configure:11366: gcc -o conftest -g -O2    conftest.c -lpthreads  >&5
/usr/bin/ld: cannot find -lpthreads
collect2: error: ld returned 1 exit status
configure:11366: $? = 1
configure: failed program was:
| /* confdefs.h */
| #define PACKAGE_NAME "acsccid"
| #define PACKAGE_TARNAME "acsccid"
| #define PACKAGE_VERSION "1.1.8"
| #define PACKAGE_STRING "acsccid 1.1.8"
| #define PACKAGE_BUGREPORT ""
| #define PACKAGE_URL ""
| #define PACKAGE "acsccid"
| #define VERSION "1.1.8"
| #define STDC_HEADERS 1
| #define HAVE_SYS_TYPES_H 1
| #define HAVE_SYS_STAT_H 1
| #define HAVE_STDLIB_H 1
| #define HAVE_STRING_H 1
| #define HAVE_MEMORY_H 1
| #define HAVE_STRINGS_H 1
| #define HAVE_INTTYPES_H 1
| #define HAVE_STDINT_H 1
| #define HAVE_UNISTD_H 1
| #define HAVE_DLFCN_H 1
| #define LT_OBJDIR ".libs/"
| #define HAVE_ICONV 1
| #define ICONV_CONST 
| #define STDC_HEADERS 1
| #define HAVE_ERRNO_H 1
| #define HAVE_FCNTL_H 1
| #define HAVE_STDLIB_H 1
| #define HAVE_UNISTD_H 1
| #define HAVE_TERMIOS_H 1
| #define HAVE_STRING_H 1
| #define HAVE_SYS_TIME_H 1
| #define HAVE_SYS_TYPES_H 1
| #define HAVE_STDARG_H 1
| #define HAVE_ARPA_INET_H 1
| #define HAVE_STDIO_H 1
| #define TIME_WITH_SYS_TIME 1
| #define HAVE_SELECT 1
| #define HAVE_STRERROR 1
| #define HAVE_STRNCPY 1
| #define HAVE_MEMCPY 1
| #define HAVE_LIBUSB_H 1
| /* end confdefs.h.  */
| #include <pthread.h>
|                         static void routine(void *a) { a = 0; }
|                         static void *start_routine(void *a) { return a; }
| int
| main ()
| {
| pthread_t th; pthread_attr_t attr;
|                         pthread_create(&th, 0, start_routine, 0);
|                         pthread_join(th, 0);
|                         pthread_attr_init(&attr);
|                         pthread_cleanup_push(routine, 0);
|                         pthread_cleanup_pop(0) /* ; */
|   ;
|   return 0;
| }
configure:11375: result: no
configure:11273: checking whether pthreads work without any flags
configure:11366: gcc -o conftest -g -O2    conftest.c   >&5
/usr/bin/ld: /tmp/cchuFbgr.o: in function `main':
/home/lining/work/x86_64_libs/ACS-Unified-Driver-Lnx-Mac-118-P/acsccid-1.1.8/conftest.c:50: undefined reference to `pthread_create'
/usr/bin/ld: /home/lining/work/x86_64_libs/ACS-Unified-Driver-Lnx-Mac-118-P/acsccid-1.1.8/conftest.c:51: undefined reference to `pthread_join'
/usr/bin/ld: /home/lining/work/x86_64_libs/ACS-Unified-Driver-Lnx-Mac-118-P/acsccid-1.1.8/conftest.c:53: undefined reference to `__pthread_register_cancel'
/usr/bin/ld: /home/lining/work/x86_64_libs/ACS-Unified-Driver-Lnx-Mac-118-P/acsccid-1.1.8/conftest.c:54: undefined reference to `__pthread_unregister_cancel'
collect2: error: ld returned 1 exit status
configure:11366: $? = 1
configure: failed program was:
| /* confdefs.h */
| #define PACKAGE_NAME "acsccid"
| #define PACKAGE_TARNAME "acsccid"
| #define PACKAGE_VERSION "1.1.8"
| #define PACKAGE_STRING "acsccid 1.1.8"
| #define PACKAGE_BUGREPORT ""
| #define PACKAGE_URL ""
| #define PACKAGE "acsccid"
| #define VERSION "1.1.8"
| #define STDC_HEADERS 1
| #define HAVE_SYS_TYPES_H 1
| #define HAVE_SYS_STAT_H 1
| #define HAVE_STDLIB_H 1
| #define HAVE_STRING_H 1
| #define HAVE_MEMORY_H 1
| #define HAVE_STRINGS_H 1
| #define HAVE_INTTYPES_H 1
| #define HAVE_STDINT_H 1
| #define HAVE_UNISTD_H 1
| #define HAVE_DLFCN_H 1
| #define LT_OBJDIR ".libs/"
| #define HAVE_ICONV 1
| #define ICONV_CONST 
| #define STDC_HEADERS 1
| #define HAVE_ERRNO_H 1
| #define HAVE_FCNTL_H 1
| #define HAVE_STDLIB_H 1
| #define HAVE_UNISTD_H 1
| #define HAVE_TERMIOS_H 1
| #define HAVE_STRING_H 1
| #define HAVE_SYS_TIME_H 1
| #define HAVE_SYS_TYPES_H 1
| #define HAVE_STDARG_H 1
| #define HAVE_ARPA_INET_H 1
| #define HAVE_STDIO_H 1
| #define TIME_WITH_SYS_TIME 1
| #define HAVE_SELECT 1
| #define HAVE_STRERROR 1
| #define HAVE_STRNCPY 1
| #define HAVE_MEMCPY 1
| #define HAVE_LIBUSB_H 1
| /* end confdefs.h.  */
| #include <pthread.h>
|                         static void routine(void *a) { a = 0; }
|                         static void *start_routine(void *a) { return a; }
| int
| main ()
| {
| pthread_t th; pthread_attr_t attr;
|                         pthread_create(&th, 0, start_routine, 0);
|                         pthread_join(th, 0);
|                         pthread_attr_init(&attr);
|                         pthread_cleanup_push(routine, 0);
|                         pthread_cleanup_pop(0) /* ; */
|   ;
|   return 0;
| }
configure:11375: result: no
configure:11278: checking whether pthreads work with -Kthread
configure:11366: gcc -o conftest -g -O2 -Kthread   conftest.c   >&5
gcc: error: unrecognized command line option '-Kthread'; did you mean '-pthread'?
configure:11366: $? = 1
configure: failed program was:
| /* confdefs.h */
| #define PACKAGE_NAME "acsccid"
| #define PACKAGE_TARNAME "acsccid"
| #define PACKAGE_VERSION "1.1.8"
| #define PACKAGE_STRING "acsccid 1.1.8"
| #define PACKAGE_BUGREPORT ""
| #define PACKAGE_URL ""
| #define PACKAGE "acsccid"
| #define VERSION "1.1.8"
| #define STDC_HEADERS 1
| #define HAVE_SYS_TYPES_H 1
| #define HAVE_SYS_STAT_H 1
| #define HAVE_STDLIB_H 1
| #define HAVE_STRING_H 1
| #define HAVE_MEMORY_H 1
| #define HAVE_STRINGS_H 1
| #define HAVE_INTTYPES_H 1
| #define HAVE_STDINT_H 1
| #define HAVE_UNISTD_H 1
| #define HAVE_DLFCN_H 1
| #define LT_OBJDIR ".libs/"
| #define HAVE_ICONV 1
| #define ICONV_CONST 
| #define STDC_HEADERS 1
| #define HAVE_ERRNO_H 1
| #define HAVE_FCNTL_H 1
| #define HAVE_STDLIB_H 1
| #define HAVE_UNISTD_H 1
| #define HAVE_TERMIOS_H 1
| #define HAVE_STRING_H 1
| #define HAVE_SYS_TIME_H 1
| #define HAVE_SYS_TYPES_H 1
| #define HAVE_STDARG_H 1
| #define HAVE_ARPA_INET_H 1
| #define HAVE_STDIO_H 1
| #define TIME_WITH_SYS_TIME 1
| #define HAVE_SELECT 1
| #define HAVE_STRERROR 1
| #define HAVE_STRNCPY 1
| #define HAVE_MEMCPY 1
| #define HAVE_LIBUSB_H 1
| /* end confdefs.h.  */
| #include <pthread.h>
|                         static void routine(void *a) { a = 0; }
|                         static void *start_routine(void *a) { return a; }
| int
| main ()
| {
| pthread_t th; pthread_attr_t attr;
|                         pthread_create(&th, 0, start_routine, 0);
|                         pthread_join(th, 0);
|                         pthread_attr_init(&attr);
|                         pthread_cleanup_push(routine, 0);
|                         pthread_cleanup_pop(0) /* ; */
|   ;
|   return 0;
| }
configure:11375: result: no
configure:11278: checking whether pthreads work with -kthread
configure:11366: gcc -o conftest -g -O2 -kthread   conftest.c   >&5
gcc: error: unrecognized command line option '-kthread'; did you mean '-pthread'?
configure:11366: $? = 1
configure: failed program was:
| /* confdefs.h */
| #define PACKAGE_NAME "acsccid"
| #define PACKAGE_TARNAME "acsccid"
| #define PACKAGE_VERSION "1.1.8"
| #define PACKAGE_STRING "acsccid 1.1.8"
| #define PACKAGE_BUGREPORT ""
| #define PACKAGE_URL ""
| #define PACKAGE "acsccid"
| #define VERSION "1.1.8"
| #define STDC_HEADERS 1
| #define HAVE_SYS_TYPES_H 1
| #define HAVE_SYS_STAT_H 1
| #define HAVE_STDLIB_H 1
| #define HAVE_STRING_H 1
| #define HAVE_MEMORY_H 1
| #define HAVE_STRINGS_H 1
| #define HAVE_INTTYPES_H 1
| #define HAVE_STDINT_H 1
| #define HAVE_UNISTD_H 1
| #define HAVE_DLFCN_H 1
| #define LT_OBJDIR ".libs/"
| #define HAVE_ICONV 1
| #define ICONV_CONST 
| #define STDC_HEADERS 1
| #define HAVE_ERRNO_H 1
| #define HAVE_FCNTL_H 1
| #define HAVE_STDLIB_H 1
| #define HAVE_UNISTD_H 1
| #define HAVE_TERMIOS_H 1
| #define HAVE_STRING_H 1
| #define HAVE_SYS_TIME_H 1
| #define HAVE_SYS_TYPES_H 1
| #define HAVE_STDARG_H 1
| #define HAVE_ARPA_INET_H 1
| #define HAVE_STDIO_H 1
| #define TIME_WITH_SYS_TIME 1
| #define HAVE_SELECT 1
| #define HAVE_STRERROR 1
| #define HAVE_STRNCPY 1
| #define HAVE_MEMCPY 1
| #define HAVE_LIBUSB_H 1
| /* end confdefs.h.  */
| #include <pthread.h>
|                         static void routine(void *a) { a = 0; }
|                         static void *start_routine(void *a) { return a; }
| int
| main ()
| {
| pthread_t th; pthread_attr_t attr;
|                         pthread_create(&th, 0, start_routine, 0);
|                         pthread_join(th, 0);
|                         pthread_attr_init(&attr);
|                         pthread_cleanup_push(routine, 0);
|                         pthread_cleanup_pop(0) /* ; */
|   ;
|   return 0;
| }
configure:11375: result: no
configure:11328: checking for the pthreads library -llthread
configure:11366: gcc -o conftest -g -O2    conftest.c -llthread  >&5
/usr/bin/ld: cannot find -llthread
collect2: error: ld returned 1 exit status
configure:11366: $? = 1
configure: failed program was:
| /* confdefs.h */
| #define PACKAGE_NAME "acsccid"
| #define PACKAGE_TARNAME "acsccid"
| #define PACKAGE_VERSION "1.1.8"
| #define PACKAGE_STRING "acsccid 1.1.8"
| #define PACKAGE_BUGREPORT ""
| #define PACKAGE_URL ""
| #define PACKAGE "acsccid"
| #define VERSION "1.1.8"
| #define STDC_HEADERS 1
| #define HAVE_SYS_TYPES_H 1
| #define HAVE_SYS_STAT_H 1
| #define HAVE_STDLIB_H 1
| #define HAVE_STRING_H 1
| #define HAVE_MEMORY_H 1
| #define HAVE_STRINGS_H 1
| #define HAVE_INTTYPES_H 1
| #define HAVE_STDINT_H 1
| #define HAVE_UNISTD_H 1
| #define HAVE_DLFCN_H 1
| #define LT_OBJDIR ".libs/"
| #define HAVE_ICONV 1
| #define ICONV_CONST 
| #define STDC_HEADERS 1
| #define HAVE_ERRNO_H 1
| #define HAVE_FCNTL_H 1
| #define HAVE_STDLIB_H 1
| #define HAVE_UNISTD_H 1
| #define HAVE_TERMIOS_H 1
| #define HAVE_STRING_H 1
| #define HAVE_SYS_TIME_H 1
| #define HAVE_SYS_TYPES_H 1
| #define HAVE_STDARG_H 1
| #define HAVE_ARPA_INET_H 1
| #define HAVE_STDIO_H 1
| #define TIME_WITH_SYS_TIME 1
| #define HAVE_SELECT 1
| #define HAVE_STRERROR 1
| #define HAVE_STRNCPY 1
| #define HAVE_MEMCPY 1
| #define HAVE_LIBUSB_H 1
| /* end confdefs.h.  */
| #include <pthread.h>
|                         static void routine(void *a) { a = 0; }
|                         static void *start_routine(void *a) { return a; }
| int
| main ()
| {
| pthread_t th; pthread_attr_t attr;
|                         pthread_create(&th, 0, start_routine, 0);
|                         pthread_join(th, 0);
|                         pthread_attr_init(&attr);
|                         pthread_cleanup_push(routine, 0);
|                         pthread_cleanup_pop(0) /* ; */
|   ;
|   return 0;
| }
configure:11375: result: no
configure:11278: checking whether pthreads work with -pthread
configure:11366: gcc -o conftest -g -O2 -pthread   conftest.c   >&5
configure:11366: $? = 0
configure:11375: result: yes
configure:11394: checking for joinable pthread attribute
configure:11409: gcc -o conftest -g -O2 -pthread   conftest.c   >&5
configure:11409: $? = 0
configure:11415: result: PTHREAD_CREATE_JOINABLE
configure:11425: checking if more special flags are required for pthreads
configure:11439: result: no
configure:11445: checking for PTHREAD_PRIO_INHERIT
configure:11463: gcc -o conftest -g -O2 -pthread   conftest.c   >&5
configure:11463: $? = 0
configure:11472: result: yes
configure:11604: checking for SCardEstablishContext
configure:11624: gcc -o conftest -g -O2 -pthread -I/usr/local/include/PCSC   conftest.c  -L/usr/local/lib -lpcsclite >&5
configure:11624: $? = 0
configure:11625: result: yes
configure:11825: checking that generated files are newer than configure
configure:11831: result: done
configure:11866: creating ./config.status

## ---------------------- ##
## Running config.status. ##
## ---------------------- ##

This file was extended by acsccid config.status 1.1.8, which was
generated by GNU Autoconf 2.69.  Invocation command line was

  CONFIG_FILES    = 
  CONFIG_HEADERS  = 
  CONFIG_LINKS    = 
  CONFIG_COMMANDS = 
  $ ./config.status 

on ubuntu

config.status:1136: creating Makefile
config.status:1136: creating src/Makefile
config.status:1136: creating config.h
config.status:1365: executing depfiles commands
config.status:1442: cd src       && sed -e '/# am--include-marker/d' Makefile         | make -f - am--depfiles
config.status:1447: $? = 0
config.status:1365: executing libtool commands

## ---------------- ##
## Cache variables. ##
## ---------------- ##

ac_cv_build=x86_64-pc-linux-gnu
ac_cv_c_compiler_gnu=yes
ac_cv_c_const=yes
ac_cv_env_CC_set=
ac_cv_env_CC_value=
ac_cv_env_CFLAGS_set=
ac_cv_env_CFLAGS_value=
ac_cv_env_CPPFLAGS_set=
ac_cv_env_CPPFLAGS_value=
ac_cv_env_CPP_set=
ac_cv_env_CPP_value=
ac_cv_env_LDFLAGS_set=
ac_cv_env_LDFLAGS_value=
ac_cv_env_LIBS_set=
ac_cv_env_LIBS_value=
ac_cv_env_LIBUSB_CFLAGS_set=
ac_cv_env_LIBUSB_CFLAGS_value=
ac_cv_env_LIBUSB_LIBS_set=
ac_cv_env_LIBUSB_LIBS_value=
ac_cv_env_LT_SYS_LIBRARY_PATH_set=
ac_cv_env_LT_SYS_LIBRARY_PATH_value=
ac_cv_env_PCSC_CFLAGS_set=
ac_cv_env_PCSC_CFLAGS_value=
ac_cv_env_PCSC_LIBS_set=
ac_cv_env_PCSC_LIBS_value=
ac_cv_env_PKG_CONFIG_LIBDIR_set=
ac_cv_env_PKG_CONFIG_LIBDIR_value=
ac_cv_env_PKG_CONFIG_PATH_set=
ac_cv_env_PKG_CONFIG_PATH_value=
ac_cv_env_PKG_CONFIG_set=
ac_cv_env_PKG_CONFIG_value=
ac_cv_env_build_alias_set=
ac_cv_env_build_alias_value=
ac_cv_env_host_alias_set=
ac_cv_env_host_alias_value=
ac_cv_env_target_alias_set=
ac_cv_env_target_alias_value=
ac_cv_func_memcpy=yes
ac_cv_func_select=yes
ac_cv_func_strerror=yes
ac_cv_func_strlcat=no
ac_cv_func_strlcpy=no
ac_cv_func_strncpy=yes
ac_cv_header_arpa_inet_h=yes
ac_cv_header_dlfcn_h=yes
ac_cv_header_errno_h=yes
ac_cv_header_fcntl_h=yes
ac_cv_header_ifdhandler_h=yes
ac_cv_header_inttypes_h=yes
ac_cv_header_libusb_h=yes
ac_cv_header_memory_h=yes
ac_cv_header_reader_h=yes
ac_cv_header_stdarg_h=yes
ac_cv_header_stdc=yes
ac_cv_header_stdint_h=yes
ac_cv_header_stdio_h=yes
ac_cv_header_stdlib_h=yes
ac_cv_header_string_h=yes
ac_cv_header_strings_h=yes
ac_cv_header_sys_stat_h=yes
ac_cv_header_sys_time_h=yes
ac_cv_header_sys_types_h=yes
ac_cv_header_termios_h=yes
ac_cv_header_time=yes
ac_cv_header_unistd_h=yes
ac_cv_host=x86_64-pc-linux-gnu
ac_cv_objext=o
ac_cv_path_EGREP='/usr/bin/grep -E'
ac_cv_path_FGREP='/usr/bin/grep -F'
ac_cv_path_GREP=/usr/bin/grep
ac_cv_path_SED=/usr/bin/sed
ac_cv_path_ac_pt_PKG_CONFIG=/usr/bin/pkg-config
ac_cv_path_install='/usr/bin/install -c'
ac_cv_path_lt_DD=/usr/bin/dd
ac_cv_path_mkdir=/usr/bin/mkdir
ac_cv_prog_AWK=gawk
ac_cv_prog_CPP='gcc -E'
ac_cv_prog_ac_ct_AR=ar
ac_cv_prog_ac_ct_CC=gcc
ac_cv_prog_ac_ct_MANIFEST_TOOL=mt
ac_cv_prog_ac_ct_OBJDUMP=objdump
ac_cv_prog_ac_ct_RANLIB=ranlib
ac_cv_prog_ac_ct_STRIP=strip
ac_cv_prog_cc_c89=
ac_cv_prog_cc_g=yes
ac_cv_prog_make_make_set=yes
ac_cv_type_size_t=yes
acl_cv_hardcode_direct=no
acl_cv_hardcode_libdir_flag_spec='${wl}-rpath ${wl}$libdir'
acl_cv_hardcode_libdir_separator=
acl_cv_hardcode_minus_L=no
acl_cv_libext=a
acl_cv_libname_spec='lib$name'
acl_cv_library_names_spec='$libname$shrext'
acl_cv_path_LD='/usr/bin/ld -m elf_x86_64'
acl_cv_prog_gnu_ld=yes
acl_cv_rpath=done
acl_cv_shlibext=so
acl_cv_wl=-Wl,
am_cv_CC_dependencies_compiler_type=gcc3
am_cv_ar_interface=ar
am_cv_func_iconv=yes
am_cv_func_iconv_works=yes
am_cv_lib_iconv=yes
am_cv_make_support_nested_variables=yes
am_cv_prog_cc_c_o=yes
am_cv_proto_iconv='extern size_t iconv (iconv_t cd, char * *inbuf, size_t *inbytesleft, char * *outbuf, size_t *outbytesleft);'
am_cv_proto_iconv_arg1=
ax_cv_PTHREAD_PRIO_INHERIT=yes
lt_cv_ar_at_file=@
lt_cv_archive_cmds_need_lc=no
lt_cv_deplibs_check_method=pass_all
lt_cv_file_magic_cmd='$MAGIC_CMD'
lt_cv_file_magic_test_file=
lt_cv_ld_reload_flag=-r
lt_cv_nm_interface='BSD nm'
lt_cv_objdir=.libs
lt_cv_path_LD=/usr/bin/ld
lt_cv_path_NM='/usr/bin/nm -B'
lt_cv_path_mainfest_tool=no
lt_cv_prog_compiler_c_o=yes
lt_cv_prog_compiler_pic='-fPIC -DPIC'
lt_cv_prog_compiler_pic_works=yes
lt_cv_prog_compiler_rtti_exceptions=no
lt_cv_prog_compiler_static_works=yes
lt_cv_prog_gnu_ld=yes
lt_cv_sharedlib_from_linklib_cmd='printf %s\n'
lt_cv_shlibpath_overrides_runpath=yes
lt_cv_sys_global_symbol_pipe='sed -n -e '\''s/^.*[	 ]\([ABCDGIRSTW][ABCDGIRSTW]*\)[	 ][	 ]*\([_A-Za-z][_A-Za-z0-9]*\)$/\1 \2 \2/p'\'' | sed '\''/ __gnu_lto/d'\'''
lt_cv_sys_global_symbol_to_c_name_address='sed -n -e '\''s/^: \(.*\) .*$/  {"\1", (void *) 0},/p'\'' -e '\''s/^[ABCDGIRSTW][ABCDGIRSTW]* .* \(.*\)$/  {"\1", (void *) \&\1},/p'\'''
lt_cv_sys_global_symbol_to_c_name_address_lib_prefix='sed -n -e '\''s/^: \(.*\) .*$/  {"\1", (void *) 0},/p'\'' -e '\''s/^[ABCDGIRSTW][ABCDGIRSTW]* .* \(lib.*\)$/  {"\1", (void *) \&\1},/p'\'' -e '\''s/^[ABCDGIRSTW][ABCDGIRSTW]* .* \(.*\)$/  {"lib\1", (void *) \&\1},/p'\'''
lt_cv_sys_global_symbol_to_cdecl='sed -n -e '\''s/^T .* \(.*\)$/extern int \1();/p'\'' -e '\''s/^[ABCDGIRSTW][ABCDGIRSTW]* .* \(.*\)$/extern char \1;/p'\'''
lt_cv_sys_global_symbol_to_import=
lt_cv_sys_max_cmd_len=1572864
lt_cv_to_host_file_cmd=func_convert_file_noop
lt_cv_to_tool_file_cmd=func_convert_file_noop
lt_cv_truncate_bin='/usr/bin/dd bs=4096 count=1'
pkg_cv_LIBUSB_CFLAGS=-I/usr/include/libusb-1.0
pkg_cv_LIBUSB_LIBS=-lusb-1.0
pkg_cv_PCSC_CFLAGS='-pthread -I/usr/local/include/PCSC'
pkg_cv_PCSC_LIBS='-L/usr/local/lib -lpcsclite'

## ----------------- ##
## Output variables. ##
## ----------------- ##

ACLOCAL='${SHELL} /home/lining/work/x86_64_libs/ACS-Unified-Driver-Lnx-Mac-118-P/acsccid-1.1.8/config/missing aclocal-1.16'
AMDEPBACKSLASH='\'
AMDEP_FALSE='#'
AMDEP_TRUE=''
AMTAR='$${TAR-tar}'
AM_BACKSLASH='\'
AM_DEFAULT_V='$(AM_DEFAULT_VERBOSITY)'
AM_DEFAULT_VERBOSITY='0'
AM_V='$(V)'
AR='ar'
AUTOCONF='${SHELL} /home/lining/work/x86_64_libs/ACS-Unified-Driver-Lnx-Mac-118-P/acsccid-1.1.8/config/missing autoconf'
AUTOHEADER='${SHELL} /home/lining/work/x86_64_libs/ACS-Unified-Driver-Lnx-Mac-118-P/acsccid-1.1.8/config/missing autoheader'
AUTOMAKE='${SHELL} /home/lining/work/x86_64_libs/ACS-Unified-Driver-Lnx-Mac-118-P/acsccid-1.1.8/config/missing automake-1.16'
AWK='gawk'
BUNDLE_HOST='Linux'
CC='gcc'
CCDEPMODE='depmode=gcc3'
CFLAGS='-g -O2'
CPP='gcc -E'
CPPFLAGS=''
CYGPATH_W='echo'
DEFS='-DHAVE_CONFIG_H'
DEPDIR='.deps'
DLLTOOL='false'
DSYMUTIL=''
DUMPBIN=''
DYN_LIB_EXT='so'
ECHO_C=''
ECHO_N='-n'
ECHO_T=''
EGREP='/usr/bin/grep -E'
EXEEXT=''
FGREP='/usr/bin/grep -F'
GREP='/usr/bin/grep'
INSTALL_DATA='${INSTALL} -m 644'
INSTALL_PROGRAM='${INSTALL}'
INSTALL_SCRIPT='${INSTALL}'
INSTALL_STRIP_PROGRAM='$(install_sh) -c -s'
LD='/usr/bin/ld -m elf_x86_64'
LDFLAGS=''
LEX='${SHELL} /home/lining/work/x86_64_libs/ACS-Unified-Driver-Lnx-Mac-118-P/acsccid-1.1.8/config/missing flex'
LEXLIB=''
LEX_OUTPUT_ROOT=''
LIBICONV='/usr/local/lib/libiconv.so -Wl,-rpath -Wl,/usr/local/lib'
LIBOBJS=''
LIBS=''
LIBTOOL='$(SHELL) $(top_builddir)/libtool'
LIBTOOL_DEPS='config/ltmain.sh'
LIBUSB_CFLAGS='-I/usr/include/libusb-1.0'
LIBUSB_LIBS='-lusb-1.0'
LIPO=''
LN_S='ln -s'
LTLIBICONV='-L/usr/local/lib -liconv -R/usr/local/lib'
LTLIBOBJS=''
LT_SYS_LIBRARY_PATH=''
MAINT='#'
MAINTAINER_MODE_FALSE=''
MAINTAINER_MODE_TRUE='#'
MAKEINFO='${SHELL} /home/lining/work/x86_64_libs/ACS-Unified-Driver-Lnx-Mac-118-P/acsccid-1.1.8/config/missing makeinfo'
MANIFEST_TOOL=':'
MKDIR_P='/usr/bin/mkdir -p'
NM='/usr/bin/nm -B'
NMEDIT=''
NOCLASS='--no-class'
OBJDUMP='objdump'
OBJEXT='o'
OTOOL64=''
OTOOL=''
PACKAGE='acsccid'
PACKAGE_BUGREPORT=''
PACKAGE_NAME='acsccid'
PACKAGE_STRING='acsccid 1.1.8'
PACKAGE_TARNAME='acsccid'
PACKAGE_URL=''
PACKAGE_VERSION='1.1.8'
PATH_SEPARATOR=':'
PCSC_CFLAGS='-pthread -I/usr/local/include/PCSC'
PCSC_LIBS='-L/usr/local/lib -lpcsclite'
PKG_CONFIG='/usr/bin/pkg-config'
PKG_CONFIG_LIBDIR=''
PKG_CONFIG_PATH=''
PTHREAD_CC='gcc'
PTHREAD_CFLAGS='-pthread'
PTHREAD_LIBS=''
RANLIB='ranlib'
SED='/usr/bin/sed'
SET_MAKE=''
SHELL='/bin/bash'
STRIP='strip'
SYMBOL_VISIBILITY='-fvisibility=hidden'
VERSION='1.1.8'
WITHOUT_PCSC_FALSE=''
WITHOUT_PCSC_TRUE='#'
WITH_LIBUSB_FALSE='#'
WITH_LIBUSB_TRUE=''
ac_aux_dir='config'
ac_ct_AR='ar'
ac_ct_CC='gcc'
ac_ct_DUMPBIN=''
am__EXEEXT_FALSE=''
am__EXEEXT_TRUE='#'
am__fastdepCC_FALSE='#'
am__fastdepCC_TRUE=''
am__include='include'
am__isrc=''
am__leading_dot='.'
am__nodep='_no'
am__quote=''
am__tar='$${TAR-tar} chof - "$$tardir"'
am__untar='$${TAR-tar} xf -'
ax_pthread_config=''
bindir='${exec_prefix}/bin'
build='x86_64-pc-linux-gnu'
build_alias=''
build_cpu='x86_64'
build_os='linux-gnu'
build_vendor='pc'
bundle='ifd-acsccid.bundle'
datadir='${datarootdir}'
datarootdir='${prefix}/share'
docdir='${datarootdir}/doc/${PACKAGE_TARNAME}'
dvidir='${docdir}'
exec_prefix='${prefix}'
host='x86_64-pc-linux-gnu'
host_alias=''
host_cpu='x86_64'
host_os='linux-gnu'
host_vendor='pc'
htmldir='${docdir}'
includedir='${prefix}/include'
infodir='${datarootdir}/info'
install_sh='${SHELL} /home/lining/work/x86_64_libs/ACS-Unified-Driver-Lnx-Mac-118-P/acsccid-1.1.8/config/install-sh'
libdir='${exec_prefix}/lib'
libexecdir='${exec_prefix}/libexec'
localedir='${datarootdir}/locale'
localstatedir='${prefix}/var'
mandir='${datarootdir}/man'
mkdir_p='$(MKDIR_P)'
oldincludedir='/usr/include'
pdfdir='${docdir}'
prefix='/usr/local'
program_transform_name='s,x,x,'
psdir='${docdir}'
runstatedir='${localstatedir}/run'
sbindir='${exec_prefix}/sbin'
sharedstatedir='${prefix}/com'
sysconfdir='${prefix}/etc'
target_alias=''
usbdropdir='/usr/local/lib/pcsc/drivers'

## ----------- ##
## confdefs.h. ##
## ----------- ##

/* confdefs.h */
#define PACKAGE_NAME "acsccid"
#define PACKAGE_TARNAME "acsccid"
#define PACKAGE_VERSION "1.1.8"
#define PACKAGE_STRING "acsccid 1.1.8"
#define PACKAGE_BUGREPORT ""
#define PACKAGE_URL ""
#define PACKAGE "acsccid"
#define VERSION "1.1.8"
#define STDC_HEADERS 1
#define HAVE_SYS_TYPES_H 1
#define HAVE_SYS_STAT_H 1
#define HAVE_STDLIB_H 1
#define HAVE_STRING_H 1
#define HAVE_MEMORY_H 1
#define HAVE_STRINGS_H 1
#define HAVE_INTTYPES_H 1
#define HAVE_STDINT_H 1
#define HAVE_UNISTD_H 1
#define HAVE_DLFCN_H 1
#define LT_OBJDIR ".libs/"
#define HAVE_ICONV 1
#define ICONV_CONST 
#define STDC_HEADERS 1
#define HAVE_ERRNO_H 1
#define HAVE_FCNTL_H 1
#define HAVE_STDLIB_H 1
#define HAVE_UNISTD_H 1
#define HAVE_TERMIOS_H 1
#define HAVE_STRING_H 1
#define HAVE_SYS_TIME_H 1
#define HAVE_SYS_TYPES_H 1
#define HAVE_STDARG_H 1
#define HAVE_ARPA_INET_H 1
#define HAVE_STDIO_H 1
#define TIME_WITH_SYS_TIME 1
#define HAVE_SELECT 1
#define HAVE_STRERROR 1
#define HAVE_STRNCPY 1
#define HAVE_MEMCPY 1
#define HAVE_LIBUSB_H 1
#define HAVE_PTHREAD_PRIO_INHERIT 1
#define HAVE_PTHREAD 1
#define BUNDLE "ifd-acsccid.bundle"
#define PCSCLITE_HP_DROPDIR "/usr/local/lib/pcsc/drivers"

configure: exit 0
